<?xml version="1.0" encoding="UTF-8"?>
<!-- Generated by org.testng.reporters.JUnitReportReporter -->
<testsuite hostname="DESKTOP-3IP49U4" failures="0" tests="1" name="seleniumBasicCommands.SeleniumCommands" time="9.837" errors="0" timestamp="2023-03-15T14:41:16 IST" skipped="0">
  <testcase classname="seleniumBasicCommands.SeleniumCommands" name="verifyvaluesInDropDown" time="9.837"/>
  <system-out/>
</testsuite> <!-- seleniumBasicCommands.SeleniumCommands -->
