<?xml version="1.0" encoding="UTF-8"?>
<!-- Generated by org.testng.reporters.JUnitReportReporter -->
<testsuite hostname="DESKTOP-3IP49U4" failures="0" tests="1" name="seleniumBasicCommands.SeleniumCommands" time="13.279" errors="0" timestamp="2023-03-08T20:39:50 IST" skipped="0">
  <testcase classname="seleniumBasicCommands.SeleniumCommands" name="Tc_019_verifyTheMessageDisplayedInNewWindow" time="13.279"/>
  <system-out/>
</testsuite> <!-- seleniumBasicCommands.SeleniumCommands -->
